# JRE version: OpenJDK Runtime Environment Temurin-17.0.13+11 (17.0.13+11) (build 17.0.13+11)
# Java VM: OpenJDK 64-Bit Server VM Temurin-17.0.13+11 (17.0.13+11, mixed mode, tiered, compressed oops, compressed class ptrs, parallel gc, windows-amd64)
GC Precious Log:
 CPUs: 12 total, 12 available
 Memory: 15681M
 Large Page Support: Disabled
 NUMA Support: Disabled
 Compressed Oops: Enabled (32-bit)
 Alignments: Space 512K, Generation 512K, Heap 2M
 Heap Min Capacity: 100M
 Heap Initial Capacity: 100M
 Heap Max Capacity: 1G
 Pre-touch: Disabled
 Parallel Workers: 10
Heap:
 PSYoungGen      total 3584K, used 1977K [0x00000000eab00000, 0x00000000eb000000, 0x0000000100000000)
  eden space 3072K, 58% used [0x00000000eab00000,0x00000000eacbe5b8,0x00000000eae00000)
  from space 512K, 37% used [0x00000000eaf80000,0x00000000eafb0000,0x00000000eb000000)
  to   space 512K, 0% used [0x00000000eaf00000,0x00000000eaf00000,0x00000000eaf80000)
 ParOldGen       total 365056K, used 326652K [0x00000000c0000000, 0x00000000d6480000, 0x00000000eab00000)
  object space 365056K, 89% used [0x00000000c0000000,0x00000000d3eff2e0,0x00000000d6480000)
 Metaspace       used 88327K, committed 89728K, reserved 1179648K
  class space    used 9047K, committed 9664K, reserved 1048576K
GC Heap History (20 events):
Event: 415.050 GC heap before
{Heap before GC invocations=475 (full 9):
 PSYoungGen      total 4096K, used 4029K [0x00000000eab00000, 0x00000000eb200000, 0x0000000100000000)
  eden space 3584K, 100% used [0x00000000eab00000,0x00000000eae80000,0x00000000eae80000)
  from space 512K, 87% used [0x00000000eb180000,0x00000000eb1ef7c0,0x00000000eb200000)
  to   space 1536K, 0% used [0x00000000eaf00000,0x00000000eaf00000,0x00000000eb080000)
 ParOldGen       total 365056K, used 321970K [0x00000000c0000000, 0x00000000d6480000, 0x00000000eab00000)
  object space 365056K, 88% used [0x00000000c0000000,0x00000000d3a6c880,0x00000000d6480000)
 Metaspace       used 88247K, committed 89664K, reserved 1179648K
  class space    used 9047K, committed 9664K, reserved 1048576K
}
Event: 415.052 GC heap after
{Heap after GC invocations=475 (full 9):
 PSYoungGen      total 5120K, used 1408K [0x00000000eab00000, 0x00000000eb280000, 0x0000000100000000)
  eden space 3584K, 0% used [0x00000000eab00000,0x00000000eab00000,0x00000000eae80000)
  from space 1536K, 91% used [0x00000000eaf00000,0x00000000eb060020,0x00000000eb080000)
  to   space 2048K, 0% used [0x00000000eb080000,0x00000000eb080000,0x00000000eb280000)
 ParOldGen       total 365056K, used 322411K [0x00000000c0000000, 0x00000000d6480000, 0x00000000eab00000)
  object space 365056K, 88% used [0x00000000c0000000,0x00000000d3adaf20,0x00000000d6480000)
 Metaspace       used 88247K, committed 89664K, reserved 1179648K
  class space    used 9047K, committed 9664K, reserved 1048576K
}
Event: 415.071 GC heap before
{Heap before GC invocations=476 (full 9):
 PSYoungGen      total 5120K, used 4992K [0x00000000eab00000, 0x00000000eb280000, 0x0000000100000000)
  eden space 3584K, 100% used [0x00000000eab00000,0x00000000eae80000,0x00000000eae80000)
  from space 1536K, 91% used [0x00000000eaf00000,0x00000000eb060020,0x00000000eb080000)
  to   space 2048K, 0% used [0x00000000eb080000,0x00000000eb080000,0x00000000eb280000)
 ParOldGen       total 365056K, used 322411K [0x00000000c0000000, 0x00000000d6480000, 0x00000000eab00000)
  object space 365056K, 88% used [0x00000000c0000000,0x00000000d3adaf20,0x00000000d6480000)
 Metaspace       used 88249K, committed 89664K, reserved 1179648K
  class space    used 9047K, committed 9664K, reserved 1048576K
}
Event: 415.073 GC heap after
{Heap after GC invocations=476 (full 9):
 PSYoungGen      total 4608K, used 992K [0x00000000eab00000, 0x00000000eb180000, 0x0000000100000000)
  eden space 3584K, 0% used [0x00000000eab00000,0x00000000eab00000,0x00000000eae80000)
  from space 1024K, 96% used [0x00000000eb080000,0x00000000eb178000,0x00000000eb180000)
  to   space 1536K, 0% used [0x00000000eae80000,0x00000000eae80000,0x00000000eb000000)
 ParOldGen       total 365056K, used 323690K [0x00000000c0000000, 0x00000000d6480000, 0x00000000eab00000)
  object space 365056K, 88% used [0x00000000c0000000,0x00000000d3c1a800,0x00000000d6480000)
 Metaspace       used 88249K, committed 89664K, reserved 1179648K
  class space    used 9047K, committed 9664K, reserved 1048576K
}
Event: 415.153 GC heap before
{Heap before GC invocations=477 (full 9):
 PSYoungGen      total 4608K, used 4575K [0x00000000eab00000, 0x00000000eb180000, 0x0000000100000000)
  eden space 3584K, 99% used [0x00000000eab00000,0x00000000eae7fff0,0x00000000eae80000)
  from space 1024K, 96% used [0x00000000eb080000,0x00000000eb178000,0x00000000eb180000)
  to   space 1536K, 0% used [0x00000000eae80000,0x00000000eae80000,0x00000000eb000000)
 ParOldGen       total 365056K, used 323690K [0x00000000c0000000, 0x00000000d6480000, 0x00000000eab00000)
  object space 365056K, 88% used [0x00000000c0000000,0x00000000d3c1a800,0x00000000d6480000)
 Metaspace       used 88251K, committed 89664K, reserved 1179648K
  class space    used 9047K, committed 9664K, reserved 1048576K
}
Event: 415.154 GC heap after
{Heap after GC invocations=477 (full 9):
 PSYoungGen      total 5120K, used 1303K [0x00000000eab00000, 0x00000000eb180000, 0x0000000100000000)
  eden space 3584K, 0% used [0x00000000eab00000,0x00000000eab00000,0x00000000eae80000)
  from space 1536K, 84% used [0x00000000eae80000,0x00000000eafc5de0,0x00000000eb000000)
  to   space 1536K, 0% used [0x00000000eb000000,0x00000000eb000000,0x00000000eb180000)
 ParOldGen       total 365056K, used 324561K [0x00000000c0000000, 0x00000000d6480000, 0x00000000eab00000)
  object space 365056K, 88% used [0x00000000c0000000,0x00000000d3cf4658,0x00000000d6480000)
 Metaspace       used 88251K, committed 89664K, reserved 1179648K
  class space    used 9047K, committed 9664K, reserved 1048576K
}
Event: 415.251 GC heap before
{Heap before GC invocations=478 (full 9):
 PSYoungGen      total 5120K, used 4887K [0x00000000eab00000, 0x00000000eb180000, 0x0000000100000000)
  eden space 3584K, 100% used [0x00000000eab00000,0x00000000eae80000,0x00000000eae80000)
  from space 1536K, 84% used [0x00000000eae80000,0x00000000eafc5de0,0x00000000eb000000)
  to   space 1536K, 0% used [0x00000000eb000000,0x00000000eb000000,0x00000000eb180000)
 ParOldGen       total 365056K, used 324561K [0x00000000c0000000, 0x00000000d6480000, 0x00000000eab00000)
  object space 365056K, 88% used [0x00000000c0000000,0x00000000d3cf4658,0x00000000d6480000)
 Metaspace       used 88252K, committed 89664K, reserved 1179648K
  class space    used 9047K, committed 9664K, reserved 1048576K
}
Event: 415.252 GC heap after
{Heap after GC invocations=478 (full 9):
 PSYoungGen      total 4608K, used 1514K [0x00000000eab00000, 0x00000000eb280000, 0x0000000100000000)
  eden space 3072K, 0% used [0x00000000eab00000,0x00000000eab00000,0x00000000eae00000)
  from space 1536K, 98% used [0x00000000eb000000,0x00000000eb17aad0,0x00000000eb180000)
  to   space 2048K, 0% used [0x00000000eae00000,0x00000000eae00000,0x00000000eb000000)
 ParOldGen       total 365056K, used 324585K [0x00000000c0000000, 0x00000000d6480000, 0x00000000eab00000)
  object space 365056K, 88% used [0x00000000c0000000,0x00000000d3cfa658,0x00000000d6480000)
 Metaspace       used 88252K, committed 89664K, reserved 1179648K
  class space    used 9047K, committed 9664K, reserved 1048576K
}
Event: 415.255 GC heap before
{Heap before GC invocations=479 (full 9):
 PSYoungGen      total 4608K, used 4586K [0x00000000eab00000, 0x00000000eb280000, 0x0000000100000000)
  eden space 3072K, 100% used [0x00000000eab00000,0x00000000eae00000,0x00000000eae00000)
  from space 1536K, 98% used [0x00000000eb000000,0x00000000eb17aad0,0x00000000eb180000)
  to   space 2048K, 0% used [0x00000000eae00000,0x00000000eae00000,0x00000000eb000000)
 ParOldGen       total 365056K, used 324585K [0x00000000c0000000, 0x00000000d6480000, 0x00000000eab00000)
  object space 365056K, 88% used [0x00000000c0000000,0x00000000d3cfa658,0x00000000d6480000)
 Metaspace       used 88260K, committed 89664K, reserved 1179648K
  class space    used 9047K, committed 9664K, reserved 1048576K
}
Event: 415.256 GC heap after
{Heap after GC invocations=479 (full 9):
 PSYoungGen      total 3584K, used 361K [0x00000000eab00000, 0x00000000eb080000, 0x0000000100000000)
  eden space 3072K, 0% used [0x00000000eab00000,0x00000000eab00000,0x00000000eae00000)
  from space 512K, 70% used [0x00000000eae00000,0x00000000eae5a5c8,0x00000000eae80000)
  to   space 1024K, 0% used [0x00000000eaf80000,0x00000000eaf80000,0x00000000eb080000)
 ParOldGen       total 365056K, used 325895K [0x00000000c0000000, 0x00000000d6480000, 0x00000000eab00000)
  object space 365056K, 89% used [0x00000000c0000000,0x00000000d3e41c58,0x00000000d6480000)
 Metaspace       used 88260K, committed 89664K, reserved 1179648K
  class space    used 9047K, committed 9664K, reserved 1048576K
}
Event: 415.266 GC heap before
{Heap before GC invocations=480 (full 9):
 PSYoungGen      total 3584K, used 3432K [0x00000000eab00000, 0x00000000eb080000, 0x0000000100000000)
  eden space 3072K, 99% used [0x00000000eab00000,0x00000000eadffc10,0x00000000eae00000)
  from space 512K, 70% used [0x00000000eae00000,0x00000000eae5a5c8,0x00000000eae80000)
  to   space 1024K, 0% used [0x00000000eaf80000,0x00000000eaf80000,0x00000000eb080000)
 ParOldGen       total 365056K, used 325895K [0x00000000c0000000, 0x00000000d6480000, 0x00000000eab00000)
  object space 365056K, 89% used [0x00000000c0000000,0x00000000d3e41c58,0x00000000d6480000)
 Metaspace       used 88262K, committed 89664K, reserved 1179648K
  class space    used 9047K, committed 9664K, reserved 1048576K
}
Event: 415.267 GC heap after
{Heap after GC invocations=480 (full 9):
 PSYoungGen      total 4096K, used 712K [0x00000000eab00000, 0x00000000eb080000, 0x0000000100000000)
  eden space 3072K, 0% used [0x00000000eab00000,0x00000000eab00000,0x00000000eae00000)
  from space 1024K, 69% used [0x00000000eaf80000,0x00000000eb032268,0x00000000eb080000)
  to   space 1024K, 0% used [0x00000000eae80000,0x00000000eae80000,0x00000000eaf80000)
 ParOldGen       total 365056K, used 326016K [0x00000000c0000000, 0x00000000d6480000, 0x00000000eab00000)
  object space 365056K, 89% used [0x00000000c0000000,0x00000000d3e60220,0x00000000d6480000)
 Metaspace       used 88262K, committed 89664K, reserved 1179648K
  class space    used 9047K, committed 9664K, reserved 1048576K
}
Event: 415.276 GC heap before
{Heap before GC invocations=481 (full 9):
 PSYoungGen      total 4096K, used 3784K [0x00000000eab00000, 0x00000000eb080000, 0x0000000100000000)
  eden space 3072K, 100% used [0x00000000eab00000,0x00000000eae00000,0x00000000eae00000)
  from space 1024K, 69% used [0x00000000eaf80000,0x00000000eb032268,0x00000000eb080000)
  to   space 1024K, 0% used [0x00000000eae80000,0x00000000eae80000,0x00000000eaf80000)
 ParOldGen       total 365056K, used 326016K [0x00000000c0000000, 0x00000000d6480000, 0x00000000eab00000)
  object space 365056K, 89% used [0x00000000c0000000,0x00000000d3e60220,0x00000000d6480000)
 Metaspace       used 88262K, committed 89664K, reserved 1179648K
  class space    used 9047K, committed 9664K, reserved 1048576K
}
Event: 415.277 GC heap after
{Heap after GC invocations=481 (full 9):
 PSYoungGen      total 4096K, used 160K [0x00000000eab00000, 0x00000000eb000000, 0x0000000100000000)
  eden space 3072K, 0% used [0x00000000eab00000,0x00000000eab00000,0x00000000eae00000)
  from space 1024K, 15% used [0x00000000eae80000,0x00000000eaea8000,0x00000000eaf80000)
  to   space 512K, 0% used [0x00000000eaf80000,0x00000000eaf80000,0x00000000eb000000)
 ParOldGen       total 365056K, used 326476K [0x00000000c0000000, 0x00000000d6480000, 0x00000000eab00000)
  object space 365056K, 89% used [0x00000000c0000000,0x00000000d3ed32e0,0x00000000d6480000)
 Metaspace       used 88262K, committed 89664K, reserved 1179648K
  class space    used 9047K, committed 9664K, reserved 1048576K
}
Event: 415.289 GC heap before
{Heap before GC invocations=482 (full 9):
 PSYoungGen      total 4096K, used 3232K [0x00000000eab00000, 0x00000000eb000000, 0x0000000100000000)
  eden space 3072K, 100% used [0x00000000eab00000,0x00000000eae00000,0x00000000eae00000)
  from space 1024K, 15% used [0x00000000eae80000,0x00000000eaea8000,0x00000000eaf80000)
  to   space 512K, 0% used [0x00000000eaf80000,0x00000000eaf80000,0x00000000eb000000)
 ParOldGen       total 365056K, used 326476K [0x00000000c0000000, 0x00000000d6480000, 0x00000000eab00000)
  object space 365056K, 89% used [0x00000000c0000000,0x00000000d3ed32e0,0x00000000d6480000)
 Metaspace       used 88325K, committed 89728K, reserved 1179648K
  class space    used 9047K, committed 9664K, reserved 1048576K
}
Event: 415.291 GC heap after
{Heap after GC invocations=482 (full 9):
 PSYoungGen      total 3584K, used 224K [0x00000000eab00000, 0x00000000eb000000, 0x0000000100000000)
  eden space 3072K, 0% used [0x00000000eab00000,0x00000000eab00000,0x00000000eae00000)
  from space 512K, 43% used [0x00000000eaf80000,0x00000000eafb8000,0x00000000eb000000)
  to   space 512K, 0% used [0x00000000eaf00000,0x00000000eaf00000,0x00000000eaf80000)
 ParOldGen       total 365056K, used 326516K [0x00000000c0000000, 0x00000000d6480000, 0x00000000eab00000)
  object space 365056K, 89% used [0x00000000c0000000,0x00000000d3edd2e0,0x00000000d6480000)
 Metaspace       used 88325K, committed 89728K, reserved 1179648K
  class space    used 9047K, committed 9664K, reserved 1048576K
}
Event: 415.301 GC heap before
{Heap before GC invocations=483 (full 9):
 PSYoungGen      total 3584K, used 3296K [0x00000000eab00000, 0x00000000eb000000, 0x0000000100000000)
  eden space 3072K, 100% used [0x00000000eab00000,0x00000000eae00000,0x00000000eae00000)
  from space 512K, 43% used [0x00000000eaf80000,0x00000000eafb8000,0x00000000eb000000)
  to   space 512K, 0% used [0x00000000eaf00000,0x00000000eaf00000,0x00000000eaf80000)
 ParOldGen       total 365056K, used 326516K [0x00000000c0000000, 0x00000000d6480000, 0x00000000eab00000)
  object space 365056K, 89% used [0x00000000c0000000,0x00000000d3edd2e0,0x00000000d6480000)
 Metaspace       used 88327K, committed 89728K, reserved 1179648K
  class space    used 9047K, committed 9664K, reserved 1048576K
}
Event: 415.303 GC heap after
{Heap after GC invocations=483 (full 9):
 PSYoungGen      total 3584K, used 288K [0x00000000eab00000, 0x00000000eb000000, 0x0000000100000000)
  eden space 3072K, 0% used [0x00000000eab00000,0x00000000eab00000,0x00000000eae00000)
  from space 512K, 56% used [0x00000000eaf00000,0x00000000eaf48000,0x00000000eaf80000)
  to   space 512K, 0% used [0x00000000eaf80000,0x00000000eaf80000,0x00000000eb000000)
 ParOldGen       total 365056K, used 326588K [0x00000000c0000000, 0x00000000d6480000, 0x00000000eab00000)
  object space 365056K, 89% used [0x00000000c0000000,0x00000000d3eef2e0,0x00000000d6480000)
 Metaspace       used 88327K, committed 89728K, reserved 1179648K
  class space    used 9047K, committed 9664K, reserved 1048576K
}
Event: 415.316 GC heap before
{Heap before GC invocations=484 (full 9):
 PSYoungGen      total 3584K, used 3360K [0x00000000eab00000, 0x00000000eb000000, 0x0000000100000000)
  eden space 3072K, 100% used [0x00000000eab00000,0x00000000eae00000,0x00000000eae00000)
  from space 512K, 56% used [0x00000000eaf00000,0x00000000eaf48000,0x00000000eaf80000)
  to   space 512K, 0% used [0x00000000eaf80000,0x00000000eaf80000,0x00000000eb000000)
 ParOldGen       total 365056K, used 326588K [0x00000000c0000000, 0x00000000d6480000, 0x00000000eab00000)
  object space 365056K, 89% used [0x00000000c0000000,0x00000000d3eef2e0,0x00000000d6480000)
 Metaspace       used 88327K, committed 89728K, reserved 1179648K
  class space    used 9047K, committed 9664K, reserved 1048576K
}
Event: 415.317 GC heap after
{Heap after GC invocations=484 (full 9):
 PSYoungGen      total 3584K, used 192K [0x00000000eab00000, 0x00000000eb000000, 0x0000000100000000)
  eden space 3072K, 0% used [0x00000000eab00000,0x00000000eab00000,0x00000000eae00000)
  from space 512K, 37% used [0x00000000eaf80000,0x00000000eafb0000,0x00000000eb000000)
  to   space 512K, 0% used [0x00000000eaf00000,0x00000000eaf00000,0x00000000eaf80000)
 ParOldGen       total 365056K, used 326652K [0x00000000c0000000, 0x00000000d6480000, 0x00000000eab00000)
  object space 365056K, 89% used [0x00000000c0000000,0x00000000d3eff2e0,0x00000000d6480000)
 Metaspace       used 88327K, committed 89728K, reserved 1179648K
  class space    used 9047K, committed 9664K, reserved 1048576K
}

