# JRE version: OpenJDK Runtime Environment Temurin-17.0.13+11 (17.0.13+11) (build 17.0.13+11)
# Java VM: OpenJDK 64-Bit Server VM Temurin-17.0.13+11 (17.0.13+11, mixed mode, tiered, compressed oops, compressed class ptrs, parallel gc, windows-amd64)
GC Precious Log:
 CPUs: 12 total, 12 available
 Memory: 15681M
 Large Page Support: Disabled
 NUMA Support: Disabled
 Compressed Oops: Enabled (32-bit)
 Alignments: Space 512K, Generation 512K, Heap 2M
 Heap Min Capacity: 100M
 Heap Initial Capacity: 100M
 Heap Max Capacity: 1G
 Pre-touch: Disabled
 Parallel Workers: 10
Heap:
 PSYoungGen      total 4096K, used 1982K [0x00000000eab00000, 0x00000000eb180000, 0x0000000100000000)
  eden space 3072K, 31% used [0x00000000eab00000,0x00000000eabf1358,0x00000000eae00000)
  from space 1024K, 99% used [0x00000000eaf80000,0x00000000eb07e750,0x00000000eb080000)
  to   space 1536K, 0% used [0x00000000eae00000,0x00000000eae00000,0x00000000eaf80000)
 ParOldGen       total 113664K, used 112703K [0x00000000c0000000, 0x00000000c6f00000, 0x00000000eab00000)
  object space 113664K, 99% used [0x00000000c0000000,0x00000000c6e0fd60,0x00000000c6f00000)
 Metaspace       used 57252K, committed 58304K, reserved 1114112K
  class space    used 6115K, committed 6592K, reserved 1048576K
GC Heap History (20 events):
Event: 23.821 GC heap before
{Heap before GC invocations=78 (full 4):
 PSYoungGen      total 4608K, used 4127K [0x00000000eab00000, 0x00000000eb080000, 0x0000000100000000)
  eden space 3584K, 99% used [0x00000000eab00000,0x00000000eae7ffe0,0x00000000eae80000)
  from space 1024K, 53% used [0x00000000eae80000,0x00000000eaf08000,0x00000000eaf80000)
  to   space 1024K, 0% used [0x00000000eaf80000,0x00000000eaf80000,0x00000000eb080000)
 ParOldGen       total 113664K, used 103704K [0x00000000c0000000, 0x00000000c6f00000, 0x00000000eab00000)
  object space 113664K, 91% used [0x00000000c0000000,0x00000000c65461d0,0x00000000c6f00000)
 Metaspace       used 55986K, committed 57088K, reserved 1114112K
  class space    used 5979K, committed 6464K, reserved 1048576K
}
Event: 23.823 GC heap after
{Heap after GC invocations=78 (full 4):
 PSYoungGen      total 4608K, used 576K [0x00000000eab00000, 0x00000000eb080000, 0x0000000100000000)
  eden space 3584K, 0% used [0x00000000eab00000,0x00000000eab00000,0x00000000eae80000)
  from space 1024K, 56% used [0x00000000eaf80000,0x00000000eb010000,0x00000000eb080000)
  to   space 1024K, 0% used [0x00000000eae80000,0x00000000eae80000,0x00000000eaf80000)
 ParOldGen       total 113664K, used 104094K [0x00000000c0000000, 0x00000000c6f00000, 0x00000000eab00000)
  object space 113664K, 91% used [0x00000000c0000000,0x00000000c65a7b00,0x00000000c6f00000)
 Metaspace       used 55986K, committed 57088K, reserved 1114112K
  class space    used 5979K, committed 6464K, reserved 1048576K
}
Event: 23.836 GC heap before
{Heap before GC invocations=79 (full 4):
 PSYoungGen      total 4608K, used 4155K [0x00000000eab00000, 0x00000000eb080000, 0x0000000100000000)
  eden space 3584K, 99% used [0x00000000eab00000,0x00000000eae7eed8,0x00000000eae80000)
  from space 1024K, 56% used [0x00000000eaf80000,0x00000000eb010000,0x00000000eb080000)
  to   space 1024K, 0% used [0x00000000eae80000,0x00000000eae80000,0x00000000eaf80000)
 ParOldGen       total 113664K, used 104094K [0x00000000c0000000, 0x00000000c6f00000, 0x00000000eab00000)
  object space 113664K, 91% used [0x00000000c0000000,0x00000000c65a7b00,0x00000000c6f00000)
 Metaspace       used 56116K, committed 57216K, reserved 1114112K
  class space    used 5990K, committed 6464K, reserved 1048576K
}
Event: 23.838 GC heap after
{Heap after GC invocations=79 (full 4):
 PSYoungGen      total 4608K, used 1015K [0x00000000eab00000, 0x00000000eb280000, 0x0000000100000000)
  eden space 3584K, 0% used [0x00000000eab00000,0x00000000eab00000,0x00000000eae80000)
  from space 1024K, 99% used [0x00000000eae80000,0x00000000eaf7dd38,0x00000000eaf80000)
  to   space 2048K, 0% used [0x00000000eb080000,0x00000000eb080000,0x00000000eb280000)
 ParOldGen       total 113664K, used 104603K [0x00000000c0000000, 0x00000000c6f00000, 0x00000000eab00000)
  object space 113664K, 92% used [0x00000000c0000000,0x00000000c6626ff8,0x00000000c6f00000)
 Metaspace       used 56116K, committed 57216K, reserved 1114112K
  class space    used 5990K, committed 6464K, reserved 1048576K
}
Event: 23.848 GC heap before
{Heap before GC invocations=80 (full 4):
 PSYoungGen      total 4608K, used 4599K [0x00000000eab00000, 0x00000000eb280000, 0x0000000100000000)
  eden space 3584K, 100% used [0x00000000eab00000,0x00000000eae80000,0x00000000eae80000)
  from space 1024K, 99% used [0x00000000eae80000,0x00000000eaf7dd38,0x00000000eaf80000)
  to   space 2048K, 0% used [0x00000000eb080000,0x00000000eb080000,0x00000000eb280000)
 ParOldGen       total 113664K, used 104603K [0x00000000c0000000, 0x00000000c6f00000, 0x00000000eab00000)
  object space 113664K, 92% used [0x00000000c0000000,0x00000000c6626ff8,0x00000000c6f00000)
 Metaspace       used 56318K, committed 57408K, reserved 1114112K
  class space    used 6001K, committed 6464K, reserved 1048576K
}
Event: 23.850 GC heap after
{Heap after GC invocations=80 (full 4):
 PSYoungGen      total 5120K, used 1063K [0x00000000eab00000, 0x00000000eb200000, 0x0000000100000000)
  eden space 3584K, 0% used [0x00000000eab00000,0x00000000eab00000,0x00000000eae80000)
  from space 1536K, 69% used [0x00000000eb080000,0x00000000eb189c28,0x00000000eb200000)
  to   space 1536K, 0% used [0x00000000eaf00000,0x00000000eaf00000,0x00000000eb080000)
 ParOldGen       total 113664K, used 105196K [0x00000000c0000000, 0x00000000c6f00000, 0x00000000eab00000)
  object space 113664K, 92% used [0x00000000c0000000,0x00000000c66bb0f0,0x00000000c6f00000)
 Metaspace       used 56318K, committed 57408K, reserved 1114112K
  class space    used 6001K, committed 6464K, reserved 1048576K
}
Event: 23.858 GC heap before
{Heap before GC invocations=81 (full 4):
 PSYoungGen      total 5120K, used 4647K [0x00000000eab00000, 0x00000000eb200000, 0x0000000100000000)
  eden space 3584K, 100% used [0x00000000eab00000,0x00000000eae80000,0x00000000eae80000)
  from space 1536K, 69% used [0x00000000eb080000,0x00000000eb189c28,0x00000000eb200000)
  to   space 1536K, 0% used [0x00000000eaf00000,0x00000000eaf00000,0x00000000eb080000)
 ParOldGen       total 113664K, used 105196K [0x00000000c0000000, 0x00000000c6f00000, 0x00000000eab00000)
  object space 113664K, 92% used [0x00000000c0000000,0x00000000c66bb0f0,0x00000000c6f00000)
 Metaspace       used 56474K, committed 57536K, reserved 1114112K
  class space    used 6020K, committed 6464K, reserved 1048576K
}
Event: 23.861 GC heap after
{Heap after GC invocations=81 (full 4):
 PSYoungGen      total 4608K, used 768K [0x00000000eab00000, 0x00000000eb100000, 0x0000000100000000)
  eden space 3584K, 0% used [0x00000000eab00000,0x00000000eab00000,0x00000000eae80000)
  from space 1024K, 75% used [0x00000000eaf00000,0x00000000eafc0000,0x00000000eb000000)
  to   space 1024K, 0% used [0x00000000eb000000,0x00000000eb000000,0x00000000eb100000)
 ParOldGen       total 113664K, used 106062K [0x00000000c0000000, 0x00000000c6f00000, 0x00000000eab00000)
  object space 113664K, 93% used [0x00000000c0000000,0x00000000c67939a0,0x00000000c6f00000)
 Metaspace       used 56474K, committed 57536K, reserved 1114112K
  class space    used 6020K, committed 6464K, reserved 1048576K
}
Event: 23.877 GC heap before
{Heap before GC invocations=82 (full 4):
 PSYoungGen      total 4608K, used 4352K [0x00000000eab00000, 0x00000000eb100000, 0x0000000100000000)
  eden space 3584K, 100% used [0x00000000eab00000,0x00000000eae80000,0x00000000eae80000)
  from space 1024K, 75% used [0x00000000eaf00000,0x00000000eafc0000,0x00000000eb000000)
  to   space 1024K, 0% used [0x00000000eb000000,0x00000000eb000000,0x00000000eb100000)
 ParOldGen       total 113664K, used 106062K [0x00000000c0000000, 0x00000000c6f00000, 0x00000000eab00000)
  object space 113664K, 93% used [0x00000000c0000000,0x00000000c67939a0,0x00000000c6f00000)
 Metaspace       used 56694K, committed 57792K, reserved 1114112K
  class space    used 6051K, committed 6528K, reserved 1048576K
}
Event: 23.879 GC heap after
{Heap after GC invocations=82 (full 4):
 PSYoungGen      total 4608K, used 782K [0x00000000eab00000, 0x00000000eb100000, 0x0000000100000000)
  eden space 3584K, 0% used [0x00000000eab00000,0x00000000eab00000,0x00000000eae80000)
  from space 1024K, 76% used [0x00000000eb000000,0x00000000eb0c3aa8,0x00000000eb100000)
  to   space 1024K, 0% used [0x00000000eaf00000,0x00000000eaf00000,0x00000000eb000000)
 ParOldGen       total 113664K, used 106709K [0x00000000c0000000, 0x00000000c6f00000, 0x00000000eab00000)
  object space 113664K, 93% used [0x00000000c0000000,0x00000000c68355e8,0x00000000c6f00000)
 Metaspace       used 56694K, committed 57792K, reserved 1114112K
  class space    used 6051K, committed 6528K, reserved 1048576K
}
Event: 23.890 GC heap before
{Heap before GC invocations=83 (full 4):
 PSYoungGen      total 4608K, used 4366K [0x00000000eab00000, 0x00000000eb100000, 0x0000000100000000)
  eden space 3584K, 100% used [0x00000000eab00000,0x00000000eae80000,0x00000000eae80000)
  from space 1024K, 76% used [0x00000000eb000000,0x00000000eb0c3aa8,0x00000000eb100000)
  to   space 1024K, 0% used [0x00000000eaf00000,0x00000000eaf00000,0x00000000eb000000)
 ParOldGen       total 113664K, used 106709K [0x00000000c0000000, 0x00000000c6f00000, 0x00000000eab00000)
  object space 113664K, 93% used [0x00000000c0000000,0x00000000c68355e8,0x00000000c6f00000)
 Metaspace       used 56774K, committed 57856K, reserved 1114112K
  class space    used 6059K, committed 6528K, reserved 1048576K
}
Event: 23.892 GC heap after
{Heap after GC invocations=83 (full 4):
 PSYoungGen      total 4608K, used 778K [0x00000000eab00000, 0x00000000eb080000, 0x0000000100000000)
  eden space 3584K, 0% used [0x00000000eab00000,0x00000000eab00000,0x00000000eae80000)
  from space 1024K, 76% used [0x00000000eaf00000,0x00000000eafc2b00,0x00000000eb000000)
  to   space 512K, 0% used [0x00000000eb000000,0x00000000eb000000,0x00000000eb080000)
 ParOldGen       total 113664K, used 107234K [0x00000000c0000000, 0x00000000c6f00000, 0x00000000eab00000)
  object space 113664K, 94% used [0x00000000c0000000,0x00000000c68b8bb0,0x00000000c6f00000)
 Metaspace       used 56774K, committed 57856K, reserved 1114112K
  class space    used 6059K, committed 6528K, reserved 1048576K
}
Event: 23.904 GC heap before
{Heap before GC invocations=84 (full 4):
 PSYoungGen      total 4608K, used 4362K [0x00000000eab00000, 0x00000000eb080000, 0x0000000100000000)
  eden space 3584K, 100% used [0x00000000eab00000,0x00000000eae80000,0x00000000eae80000)
  from space 1024K, 76% used [0x00000000eaf00000,0x00000000eafc2b00,0x00000000eb000000)
  to   space 512K, 0% used [0x00000000eb000000,0x00000000eb000000,0x00000000eb080000)
 ParOldGen       total 113664K, used 107234K [0x00000000c0000000, 0x00000000c6f00000, 0x00000000eab00000)
  object space 113664K, 94% used [0x00000000c0000000,0x00000000c68b8bb0,0x00000000c6f00000)
 Metaspace       used 56905K, committed 57984K, reserved 1114112K
  class space    used 6081K, committed 6528K, reserved 1048576K
}
Event: 23.905 GC heap after
{Heap after GC invocations=84 (full 4):
 PSYoungGen      total 4096K, used 512K [0x00000000eab00000, 0x00000000eb180000, 0x0000000100000000)
  eden space 3584K, 0% used [0x00000000eab00000,0x00000000eab00000,0x00000000eae80000)
  from space 512K, 100% used [0x00000000eb000000,0x00000000eb080000,0x00000000eb080000)
  to   space 1536K, 0% used [0x00000000eae80000,0x00000000eae80000,0x00000000eb000000)
 ParOldGen       total 113664K, used 108113K [0x00000000c0000000, 0x00000000c6f00000, 0x00000000eab00000)
  object space 113664K, 95% used [0x00000000c0000000,0x00000000c6994678,0x00000000c6f00000)
 Metaspace       used 56905K, committed 57984K, reserved 1114112K
  class space    used 6081K, committed 6528K, reserved 1048576K
}
Event: 23.921 GC heap before
{Heap before GC invocations=85 (full 4):
 PSYoungGen      total 4096K, used 4096K [0x00000000eab00000, 0x00000000eb180000, 0x0000000100000000)
  eden space 3584K, 100% used [0x00000000eab00000,0x00000000eae80000,0x00000000eae80000)
  from space 512K, 100% used [0x00000000eb000000,0x00000000eb080000,0x00000000eb080000)
  to   space 1536K, 0% used [0x00000000eae80000,0x00000000eae80000,0x00000000eb000000)
 ParOldGen       total 113664K, used 108113K [0x00000000c0000000, 0x00000000c6f00000, 0x00000000eab00000)
  object space 113664K, 95% used [0x00000000c0000000,0x00000000c6994678,0x00000000c6f00000)
 Metaspace       used 56907K, committed 57984K, reserved 1114112K
  class space    used 6081K, committed 6528K, reserved 1048576K
}
Event: 23.924 GC heap after
{Heap after GC invocations=85 (full 4):
 PSYoungGen      total 5120K, used 985K [0x00000000eab00000, 0x00000000eb180000, 0x0000000100000000)
  eden space 3584K, 0% used [0x00000000eab00000,0x00000000eab00000,0x00000000eae80000)
  from space 1536K, 64% used [0x00000000eae80000,0x00000000eaf765c0,0x00000000eb000000)
  to   space 1536K, 0% used [0x00000000eb000000,0x00000000eb000000,0x00000000eb180000)
 ParOldGen       total 113664K, used 108629K [0x00000000c0000000, 0x00000000c6f00000, 0x00000000eab00000)
  object space 113664K, 95% used [0x00000000c0000000,0x00000000c6a157e0,0x00000000c6f00000)
 Metaspace       used 56907K, committed 57984K, reserved 1114112K
  class space    used 6081K, committed 6528K, reserved 1048576K
}
Event: 23.939 GC heap before
{Heap before GC invocations=86 (full 4):
 PSYoungGen      total 5120K, used 4569K [0x00000000eab00000, 0x00000000eb180000, 0x0000000100000000)
  eden space 3584K, 100% used [0x00000000eab00000,0x00000000eae80000,0x00000000eae80000)
  from space 1536K, 64% used [0x00000000eae80000,0x00000000eaf765c0,0x00000000eb000000)
  to   space 1536K, 0% used [0x00000000eb000000,0x00000000eb000000,0x00000000eb180000)
 ParOldGen       total 113664K, used 108629K [0x00000000c0000000, 0x00000000c6f00000, 0x00000000eab00000)
  object space 113664K, 95% used [0x00000000c0000000,0x00000000c6a157e0,0x00000000c6f00000)
 Metaspace       used 56934K, committed 57984K, reserved 1114112K
  class space    used 6082K, committed 6528K, reserved 1048576K
}
Event: 23.941 GC heap after
{Heap after GC invocations=86 (full 4):
 PSYoungGen      total 5120K, used 1010K [0x00000000eab00000, 0x00000000eb180000, 0x0000000100000000)
  eden space 3584K, 0% used [0x00000000eab00000,0x00000000eab00000,0x00000000eae80000)
  from space 1536K, 65% used [0x00000000eb000000,0x00000000eb0fcb28,0x00000000eb180000)
  to   space 1536K, 0% used [0x00000000eae80000,0x00000000eae80000,0x00000000eb000000)
 ParOldGen       total 113664K, used 109502K [0x00000000c0000000, 0x00000000c6f00000, 0x00000000eab00000)
  object space 113664K, 96% used [0x00000000c0000000,0x00000000c6aef8c0,0x00000000c6f00000)
 Metaspace       used 56934K, committed 57984K, reserved 1114112K
  class space    used 6082K, committed 6528K, reserved 1048576K
}
Event: 23.961 GC heap before
{Heap before GC invocations=87 (full 4):
 PSYoungGen      total 5120K, used 4594K [0x00000000eab00000, 0x00000000eb180000, 0x0000000100000000)
  eden space 3584K, 100% used [0x00000000eab00000,0x00000000eae80000,0x00000000eae80000)
  from space 1536K, 65% used [0x00000000eb000000,0x00000000eb0fcb28,0x00000000eb180000)
  to   space 1536K, 0% used [0x00000000eae80000,0x00000000eae80000,0x00000000eb000000)
 ParOldGen       total 113664K, used 109502K [0x00000000c0000000, 0x00000000c6f00000, 0x00000000eab00000)
  object space 113664K, 96% used [0x00000000c0000000,0x00000000c6aef8c0,0x00000000c6f00000)
 Metaspace       used 56956K, committed 57984K, reserved 1114112K
  class space    used 6084K, committed 6528K, reserved 1048576K
}
Event: 23.963 GC heap after
{Heap after GC invocations=87 (full 4):
 PSYoungGen      total 4608K, used 950K [0x00000000eab00000, 0x00000000eb080000, 0x0000000100000000)
  eden space 3584K, 0% used [0x00000000eab00000,0x00000000eab00000,0x00000000eae80000)
  from space 1024K, 92% used [0x00000000eae80000,0x00000000eaf6db50,0x00000000eaf80000)
  to   space 1024K, 0% used [0x00000000eaf80000,0x00000000eaf80000,0x00000000eb080000)
 ParOldGen       total 113664K, used 110327K [0x00000000c0000000, 0x00000000c6f00000, 0x00000000eab00000)
  object space 113664K, 97% used [0x00000000c0000000,0x00000000c6bbdcd0,0x00000000c6f00000)
 Metaspace       used 56956K, committed 57984K, reserved 1114112K
  class space    used 6084K, committed 6528K, reserved 1048576K
}

