# JRE version: OpenJDK Runtime Environment Temurin-21.0.5+11 (21.0.5+11) (build 21.0.5+11-LTS)
# Java VM: OpenJDK 64-Bit Server VM Temurin-21.0.5+11 (21.0.5+11-LTS, mixed mode, sharing, tiered, compressed oops, compressed class ptrs, g1 gc, windows-amd64)
GC Precious Log:
 CardTable entry size: 512
 Card Set container configuration: InlinePtr #cards 4 size 8 Array Of Cards #cards 16 size 48 Howl #buckets 8 coarsen threshold 3686 Howl Bitmap #cards 512 size 80 coarsen threshold 460 Card regions per heap region 1 cards per card region 4096
 CPUs: 12 total, 12 available
 Memory: 15681M
 Large Page Support: Disabled
 NUMA Support: Disabled
 Compressed Oops: Enabled (Zero based)
 Heap Region Size: 2M
 Heap Min Capacity: 8M
 Heap Initial Capacity: 246M
 Heap Max Capacity: 3922M
 Pre-touch: Disabled
 Parallel Workers: 10
 Concurrent Workers: 3
 Concurrent Refinement Workers: 10
 Periodic GC: Disabled
Heap:
 garbage-first heap   total 380928K, used 294912K [0x000000070ae00000, 0x0000000800000000)
  region size 2048K, 35 young (71680K), 8 survivors (16384K)
 Metaspace       used 11999K, committed 12288K, reserved 1114112K
  class space    used 1201K, committed 1344K, reserved 1048576K
GC Heap History (20 events):
Event: 147.082 GC heap before
{Heap before GC invocations=163 (full 0):
 garbage-first heap   total 380928K, used 248290K [0x000000070ae00000, 0x0000000800000000)
  region size 2048K, 111 young (227328K), 14 survivors (28672K)
 Metaspace       used 11993K, committed 12288K, reserved 1114112K
  class space    used 1201K, committed 1344K, reserved 1048576K
}
Event: 147.118 GC heap after
{Heap after GC invocations=164 (full 0):
 garbage-first heap   total 380928K, used 77542K [0x000000070ae00000, 0x0000000800000000)
  region size 2048K, 14 young (28672K), 14 survivors (28672K)
 Metaspace       used 11993K, committed 12288K, reserved 1114112K
  class space    used 1201K, committed 1344K, reserved 1048576K
}
Event: 147.149 GC heap before
{Heap before GC invocations=164 (full 0):
 garbage-first heap   total 380928K, used 79590K [0x000000070ae00000, 0x0000000800000000)
  region size 2048K, 15 young (30720K), 14 survivors (28672K)
 Metaspace       used 11993K, committed 12288K, reserved 1114112K
  class space    used 1201K, committed 1344K, reserved 1048576K
}
Event: 147.166 GC heap after
{Heap after GC invocations=165 (full 0):
 garbage-first heap   total 380928K, used 83486K [0x000000070ae00000, 0x0000000800000000)
  region size 2048K, 2 young (4096K), 2 survivors (4096K)
 Metaspace       used 11993K, committed 12288K, reserved 1114112K
  class space    used 1201K, committed 1344K, reserved 1048576K
}
Event: 149.041 GC heap before
{Heap before GC invocations=165 (full 0):
 garbage-first heap   total 380928K, used 245278K [0x000000070ae00000, 0x0000000800000000)
  region size 2048K, 76 young (155648K), 2 survivors (4096K)
 Metaspace       used 11993K, committed 12288K, reserved 1114112K
  class space    used 1201K, committed 1344K, reserved 1048576K
}
Event: 149.067 GC heap after
{Heap after GC invocations=166 (full 0):
 garbage-first heap   total 380928K, used 115194K [0x000000070ae00000, 0x0000000800000000)
  region size 2048K, 10 young (20480K), 10 survivors (20480K)
 Metaspace       used 11993K, committed 12288K, reserved 1114112K
  class space    used 1201K, committed 1344K, reserved 1048576K
}
Event: 151.933 GC heap before
{Heap before GC invocations=166 (full 0):
 garbage-first heap   total 380928K, used 313850K [0x000000070ae00000, 0x0000000800000000)
  region size 2048K, 107 young (219136K), 10 survivors (20480K)
 Metaspace       used 11993K, committed 12288K, reserved 1114112K
  class space    used 1201K, committed 1344K, reserved 1048576K
}
Event: 151.973 GC heap after
{Heap after GC invocations=167 (full 0):
 garbage-first heap   total 380928K, used 145743K [0x000000070ae00000, 0x0000000800000000)
  region size 2048K, 14 young (28672K), 14 survivors (28672K)
 Metaspace       used 11993K, committed 12288K, reserved 1114112K
  class space    used 1201K, committed 1344K, reserved 1048576K
}
Event: 152.000 GC heap before
{Heap before GC invocations=167 (full 0):
 garbage-first heap   total 380928K, used 147791K [0x000000070ae00000, 0x0000000800000000)
  region size 2048K, 15 young (30720K), 14 survivors (28672K)
 Metaspace       used 11993K, committed 12288K, reserved 1114112K
  class space    used 1201K, committed 1344K, reserved 1048576K
}
Event: 152.022 GC heap after
{Heap after GC invocations=168 (full 0):
 garbage-first heap   total 380928K, used 151257K [0x000000070ae00000, 0x0000000800000000)
  region size 2048K, 2 young (4096K), 2 survivors (4096K)
 Metaspace       used 11993K, committed 12288K, reserved 1114112K
  class space    used 1201K, committed 1344K, reserved 1048576K
}
Event: 154.782 GC heap before
{Heap before GC invocations=168 (full 0):
 garbage-first heap   total 380928K, used 321241K [0x000000070ae00000, 0x0000000800000000)
  region size 2048K, 85 young (174080K), 2 survivors (4096K)
 Metaspace       used 11998K, committed 12288K, reserved 1114112K
  class space    used 1201K, committed 1344K, reserved 1048576K
}
Event: 154.812 GC heap after
{Heap after GC invocations=169 (full 0):
 garbage-first heap   total 380928K, used 174587K [0x000000070ae00000, 0x0000000800000000)
  region size 2048K, 11 young (22528K), 11 survivors (22528K)
 Metaspace       used 11998K, committed 12288K, reserved 1114112K
  class space    used 1201K, committed 1344K, reserved 1048576K
}
Event: 157.558 GC heap before
{Heap before GC invocations=169 (full 0):
 garbage-first heap   total 380928K, used 326139K [0x000000070ae00000, 0x0000000800000000)
  region size 2048K, 85 young (174080K), 11 survivors (22528K)
 Metaspace       used 11999K, committed 12288K, reserved 1114112K
  class space    used 1201K, committed 1344K, reserved 1048576K
}
Event: 157.599 GC heap after
{Heap after GC invocations=170 (full 0):
 garbage-first heap   total 380928K, used 198656K [0x000000070ae00000, 0x0000000800000000)
  region size 2048K, 11 young (22528K), 11 survivors (22528K)
 Metaspace       used 11999K, committed 12288K, reserved 1114112K
  class space    used 1201K, committed 1344K, reserved 1048576K
}
Event: 158.078 GC heap before
{Heap before GC invocations=170 (full 0):
 garbage-first heap   total 380928K, used 223232K [0x000000070ae00000, 0x0000000800000000)
  region size 2048K, 24 young (49152K), 11 survivors (22528K)
 Metaspace       used 11999K, committed 12288K, reserved 1114112K
  class space    used 1201K, committed 1344K, reserved 1048576K
}
Event: 158.104 GC heap after
{Heap after GC invocations=171 (full 0):
 garbage-first heap   total 380928K, used 203779K [0x000000070ae00000, 0x0000000800000000)
  region size 2048K, 3 young (6144K), 3 survivors (6144K)
 Metaspace       used 11999K, committed 12288K, reserved 1114112K
  class space    used 1201K, committed 1344K, reserved 1048576K
}
Event: 160.732 GC heap before
{Heap before GC invocations=172 (full 0):
 garbage-first heap   total 380928K, used 338947K [0x000000070ae00000, 0x0000000800000000)
  region size 2048K, 66 young (135168K), 3 survivors (6144K)
 Metaspace       used 11999K, committed 12288K, reserved 1114112K
  class space    used 1201K, committed 1344K, reserved 1048576K
}
Event: 160.767 GC heap after
{Heap after GC invocations=173 (full 0):
 garbage-first heap   total 380928K, used 228142K [0x000000070ae00000, 0x0000000800000000)
  region size 2048K, 9 young (18432K), 9 survivors (18432K)
 Metaspace       used 11999K, committed 12288K, reserved 1114112K
  class space    used 1201K, committed 1344K, reserved 1048576K
}
Event: 163.154 GC heap before
{Heap before GC invocations=173 (full 0):
 garbage-first heap   total 380928K, used 340782K [0x000000070ae00000, 0x0000000800000000)
  region size 2048K, 64 young (131072K), 9 survivors (18432K)
 Metaspace       used 11999K, committed 12288K, reserved 1114112K
  class space    used 1201K, committed 1344K, reserved 1048576K
}
Event: 163.195 GC heap after
{Heap after GC invocations=174 (full 0):
 garbage-first heap   total 380928K, used 241664K [0x000000070ae00000, 0x0000000800000000)
  region size 2048K, 8 young (16384K), 8 survivors (16384K)
 Metaspace       used 11999K, committed 12288K, reserved 1114112K
  class space    used 1201K, committed 1344K, reserved 1048576K
}

